#
# There is insufficient memory for the Java Runtime Environment to continue.
# Native memory allocation (malloc) failed to allocate 1819232 bytes for Chunk::new
# Possible reasons:
#   The system is out of physical RAM or swap space
#   In 32 bit mode, the process size limit was hit
# Possible solutions:
#   Reduce memory load on the system
#   Increase physical memory or swap space
#   Check if swap backing store is full
#   Use 64 bit Java on a 64 bit OS
#   Decrease Java heap size (-Xmx/-Xms)
#   Decrease number of Java threads
#   Decrease Java thread stack sizes (-Xss)
#   Set larger code cache with -XX:ReservedCodeCacheSize=
# This output file may be truncated or incomplete.
#
#  Out of Memory Error (allocation.cpp:390), pid=1360, tid=0x0000000000002b38
#
# JRE version: OpenJDK Runtime Environment (8.0_152-b02) (build 1.8.0_152-release-1024-b02)
# Java VM: OpenJDK 64-Bit Server VM (25.152-b02 mixed mode windows-amd64 compressed oops)
# Failed to write core dump. Minidumps are not enabled by default on client versions of Windows
#

---------------  T H R E A D  ---------------

Current thread (0x0000000015e48000):  JavaThread "C2 CompilerThread0" daemon [_thread_in_native, id=11064, stack(0x00000000174a0000,0x00000000175a0000)]

Stack: [0x00000000174a0000,0x00000000175a0000]
[error occurred during error reporting (printing stack bounds), id 0xc0000005]

Native frames: (J=compiled Java code, j=interpreted, Vv=VM code, C=native code)


Current CompileTask:
C2: 600423 14202       4       org.gradle.api.internal.project.taskfactory.DefaultTaskClassValidatorExtractor::mergeDeclaredAnnotations (218 bytes)


---------------  P R O C E S S  ---------------

Java Threads: ( => current thread )
  0x000000001ce57800 JavaThread "build operations Thread 4" [_thread_blocked, id=11268, stack(0x000000002a570000,0x000000002a670000)]
  0x000000001ce56800 JavaThread "build operations Thread 3" [_thread_blocked, id=11660, stack(0x000000002a470000,0x000000002a570000)]
  0x000000001ce59000 JavaThread "build operations Thread 2" [_thread_blocked, id=11276, stack(0x000000002a370000,0x000000002a470000)]
  0x000000001ce58000 JavaThread "build operations" [_thread_blocked, id=10792, stack(0x000000002a270000,0x000000002a370000)]
  0x000000001ce4e800 JavaThread "Cache worker for Artifact transforms cache (C:\Users\Ania\.gradle\caches\transforms-1)" [_thread_blocked, id=9052, stack(0x000000002a170000,0x000000002a270000)]
  0x000000001ce50800 JavaThread "Cache worker for file hash cache (C:\Users\Ania\StudioProjects\meuwealfa\.gradle\4.4\fileHashes)" [_thread_blocked, id=1076, stack(0x000000002a070000,0x000000002a170000)]
  0x000000001ce53000 JavaThread "Stdin handler" [_thread_blocked, id=4100, stack(0x0000000029f70000,0x000000002a070000)]
  0x000000001ce55000 JavaThread "Asynchronous log dispatcher for DefaultDaemonConnection: socket connection from /127.0.0.1:58271 to /127.0.0.1:58433" [_thread_blocked, id=4540, stack(0x0000000029e70000,0x0000000029f70000)]
  0x000000001ce4d800 JavaThread "Daemon worker Thread 4" [_thread_in_Java, id=2624, stack(0x0000000029d70000,0x0000000029e70000)]
  0x000000001ce54800 JavaThread "Cancel handler" [_thread_blocked, id=6192, stack(0x0000000029c70000,0x0000000029d70000)]
  0x000000001ce53800 JavaThread "Handler for socket connection from /127.0.0.1:58271 to /127.0.0.1:58433" [_thread_in_native, id=7272, stack(0x0000000029b70000,0x0000000029c70000)]
  0x000000001ce52000 JavaThread "Daemon Thread 4" [_thread_blocked, id=3140, stack(0x0000000029a70000,0x0000000029b70000)]
  0x000000001bc12000 JavaThread "pool-9-thread-1" [_thread_blocked, id=7448, stack(0x0000000029670000,0x0000000029770000)]
  0x000000001bc11800 JavaThread "Memory manager" [_thread_blocked, id=2392, stack(0x00000000213e0000,0x00000000214e0000)]
  0x00000000192ac800 JavaThread "File lock request listener" [_thread_in_native, id=6536, stack(0x000000001a8f0000,0x000000001a9f0000)]
  0x0000000018ea1000 JavaThread "Cache worker for file hash cache (C:\Users\Ania\.gradle\caches\4.4\fileHashes)" [_thread_blocked, id=7340, stack(0x000000001a7f0000,0x000000001a8f0000)]
  0x0000000018de6000 JavaThread "Daemon periodic checks" [_thread_blocked, id=10456, stack(0x0000000019cf0000,0x0000000019df0000)]
  0x0000000018dd9800 JavaThread "Incoming local TCP Connector on port 58271" [_thread_in_native, id=332, stack(0x0000000019ab0000,0x0000000019bb0000)]
  0x00000000177c8800 JavaThread "Service Thread" daemon [_thread_blocked, id=6544, stack(0x0000000017ba0000,0x0000000017ca0000)]
  0x0000000015e59800 JavaThread "C1 CompilerThread2" daemon [_thread_blocked, id=1492, stack(0x00000000176a0000,0x00000000177a0000)]
  0x0000000015e4c000 JavaThread "C2 CompilerThread1" daemon [_thread_blocked, id=10088, stack(0x00000000175a0000,0x00000000176a0000)]
=>0x0000000015e48000 JavaThread "C2 CompilerThread0" daemon [_thread_in_native, id=11064, stack(0x00000000174a0000,0x00000000175a0000)]
  0x0000000015e57000 JavaThread "Attach Listener" daemon [_thread_blocked, id=10040, stack(0x00000000173a0000,0x00000000174a0000)]
  0x0000000015e56000 JavaThread "Signal Dispatcher" daemon [_thread_blocked, id=9488, stack(0x00000000172a0000,0x00000000173a0000)]
  0x00000000024dc000 JavaThread "Finalizer" daemon [_thread_blocked, id=11600, stack(0x00000000170b0000,0x00000000171b0000)]
  0x00000000024d1000 JavaThread "Reference Handler" daemon [_thread_blocked, id=11996, stack(0x0000000016fb0000,0x00000000170b0000)]
  0x000000000223d800 JavaThread "main" [_thread_blocked, id=10400, stack(0x0000000002240000,0x0000000002340000)]

Other Threads:
  0x0000000015e14800 VMThread [stack: 0x0000000016eb0000,0x0000000016fb0000] [id=9868]
  0x0000000015eae800 WatcherThread [stack: 0x0000000017ca0000,0x0000000017da0000] [id=9300]

VM state:not at safepoint (normal execution)

VM Mutex/Monitor currently owned by a thread: None

Heap:
 PSYoungGen      total 267776K, used 99576K [0x00000000e0000000, 0x00000000f2680000, 0x0000000100000000)
  eden space 248320K, 40% used [0x00000000e0000000,0x00000000e613e2d0,0x00000000ef280000)
  from space 19456K, 0% used [0x00000000f1380000,0x00000000f1380000,0x00000000f2680000)
  to   space 26624K, 0% used [0x00000000ef280000,0x00000000ef280000,0x00000000f0c80000)
 ParOldGen       total 138240K, used 61088K [0x00000000a0000000, 0x00000000a8700000, 0x00000000e0000000)
  object space 138240K, 44% used [0x00000000a0000000,0x00000000a3ba8138,0x00000000a8700000)
 Metaspace       used 81852K, capacity 84934K, committed 85120K, reserved 1122304K
  class space    used 10667K, capacity 11296K, committed 11392K, reserved 1048576K

Card table byte_map: [0x00000000118a0000,0x0000000011bb0000] byte_map_base: 0x00000000113a0000

Marking Bits: (ParMarkBitMap*) 0x000000006d694970
 Begin Bits: [0x00000000121b0000, 0x00000000139b0000)
 End Bits:   [0x00000000139b0000, 0x00000000151b0000)

Polling page: 0x0000000000540000

CodeCache: size=245760Kb used=38237Kb max_used=38279Kb free=207522Kb
 bounds [0x00000000024e0000, 0x0000000004a90000, 0x00000000114e0000]
 total_blobs=12484 nmethods=11610 adapters=785
 compilation: enabled

Compilation events (10 events):
Event: 600.383 Thread 0x0000000015e59800 14234       3       java.util.stream.ReferencePipeline::<init> (7 bytes)
Event: 600.383 Thread 0x0000000015e59800 nmethod 14234 0x0000000003c516d0 code [0x0000000003c51840, 0x0000000003c519c8]
Event: 600.387 Thread 0x0000000015e59800 14235       3       com.google.common.base.CaseFormat::convert (147 bytes)
Event: 600.392 Thread 0x0000000015e59800 nmethod 14235 0x0000000003d9f6d0 code [0x0000000003d9f9c0, 0x0000000003da0fe8]
Event: 600.392 Thread 0x0000000015e59800 14237       3       com.google.common.collect.ImmutableList::contains (14 bytes)
Event: 600.392 Thread 0x0000000015e59800 nmethod 14237 0x0000000003d9f1d0 code [0x0000000003d9f340, 0x0000000003d9f5a8]
Event: 600.392 Thread 0x0000000015e59800 14236       3       com.google.common.collect.RegularImmutableSortedSet::isPartialView (8 bytes)
Event: 600.393 Thread 0x0000000015e59800 nmethod 14236 0x0000000003f63a50 code [0x0000000003f63bc0, 0x0000000003f63de8]
Event: 600.394 Thread 0x0000000015e59800 14238       3       com.google.common.collect.TransformedIterator::hasNext (10 bytes)
Event: 600.395 Thread 0x0000000015e59800 nmethod 14238 0x0000000002f8c310 code [0x0000000002f8c480, 0x0000000002f8c6a8]

GC Heap History (10 events):
Event: 44.844 GC heap before
{Heap before GC invocations=16 (full 3):
 PSYoungGen      total 182272K, used 168448K [0x00000000e0000000, 0x00000000ec180000, 0x0000000100000000)
  eden space 168448K, 100% used [0x00000000e0000000,0x00000000ea480000,0x00000000ea480000)
  from space 13824K, 0% used [0x00000000eb400000,0x00000000eb400000,0x00000000ec180000)
  to   space 14848K, 0% used [0x00000000ea480000,0x00000000ea480000,0x00000000eb300000)
 ParOldGen       total 89600K, used 36227K [0x00000000a0000000, 0x00000000a5780000, 0x00000000e0000000)
  object space 89600K, 40% used [0x00000000a0000000,0x00000000a2360f10,0x00000000a5780000)
 Metaspace       used 62463K, capacity 64304K, committed 64640K, reserved 1105920K
  class space    used 8514K, capacity 8971K, committed 9088K, reserved 1048576K
Event: 44.909 GC heap after
Heap after GC invocations=16 (full 3):
 PSYoungGen      total 183296K, used 14831K [0x00000000e0000000, 0x00000000ef180000, 0x0000000100000000)
  eden space 168448K, 0% used [0x00000000e0000000,0x00000000e0000000,0x00000000ea480000)
  from space 14848K, 99% used [0x00000000ea480000,0x00000000eb2fbee0,0x00000000eb300000)
  to   space 19968K, 0% used [0x00000000ede00000,0x00000000ede00000,0x00000000ef180000)
 ParOldGen       total 89600K, used 43943K [0x00000000a0000000, 0x00000000a5780000, 0x00000000e0000000)
  object space 89600K, 49% used [0x00000000a0000000,0x00000000a2ae9e58,0x00000000a5780000)
 Metaspace       used 62463K, capacity 64304K, committed 64640K, reserved 1105920K
  class space    used 8514K, capacity 8971K, committed 9088K, reserved 1048576K
}
Event: 72.309 GC heap before
{Heap before GC invocations=17 (full 3):
 PSYoungGen      total 183296K, used 183279K [0x00000000e0000000, 0x00000000ef180000, 0x0000000100000000)
  eden space 168448K, 100% used [0x00000000e0000000,0x00000000ea480000,0x00000000ea480000)
  from space 14848K, 99% used [0x00000000ea480000,0x00000000eb2fbee0,0x00000000eb300000)
  to   space 19968K, 0% used [0x00000000ede00000,0x00000000ede00000,0x00000000ef180000)
 ParOldGen       total 89600K, used 43943K [0x00000000a0000000, 0x00000000a5780000, 0x00000000e0000000)
  object space 89600K, 49% used [0x00000000a0000000,0x00000000a2ae9e58,0x00000000a5780000)
 Metaspace       used 69426K, capacity 71570K, committed 71808K, reserved 1112064K
  class space    used 9329K, capacity 9806K, committed 9856K, reserved 1048576K
Event: 72.876 GC heap after
Heap after GC invocations=17 (full 3):
 PSYoungGen      total 225280K, used 17202K [0x00000000e0000000, 0x00000000efb80000, 0x0000000100000000)
  eden space 205312K, 0% used [0x00000000e0000000,0x00000000e0000000,0x00000000ec880000)
  from space 19968K, 86% used [0x00000000ede00000,0x00000000eeecc918,0x00000000ef180000)
  to   space 22016K, 0% used [0x00000000ec880000,0x00000000ec880000,0x00000000ede00000)
 ParOldGen       total 89600K, used 58565K [0x00000000a0000000, 0x00000000a5780000, 0x00000000e0000000)
  object space 89600K, 65% used [0x00000000a0000000,0x00000000a3931638,0x00000000a5780000)
 Metaspace       used 69426K, capacity 71570K, committed 71808K, reserved 1112064K
  class space    used 9329K, capacity 9806K, committed 9856K, reserved 1048576K
}
Event: 259.684 GC heap before
{Heap before GC invocations=18 (full 3):
 PSYoungGen      total 225280K, used 222514K [0x00000000e0000000, 0x00000000efb80000, 0x0000000100000000)
  eden space 205312K, 100% used [0x00000000e0000000,0x00000000ec880000,0x00000000ec880000)
  from space 19968K, 86% used [0x00000000ede00000,0x00000000eeecc918,0x00000000ef180000)
  to   space 22016K, 0% used [0x00000000ec880000,0x00000000ec880000,0x00000000ede00000)
 ParOldGen       total 89600K, used 58565K [0x00000000a0000000, 0x00000000a5780000, 0x00000000e0000000)
  object space 89600K, 65% used [0x00000000a0000000,0x00000000a3931638,0x00000000a5780000)
 Metaspace       used 78765K, capacity 81794K, committed 82048K, reserved 1120256K
  class space    used 10413K, capacity 11052K, committed 11136K, reserved 1048576K
Event: 260.381 GC heap after
Heap after GC invocations=18 (full 3):
 PSYoungGen      total 227328K, used 22010K [0x00000000e0000000, 0x00000000f2e80000, 0x0000000100000000)
  eden space 205312K, 0% used [0x00000000e0000000,0x00000000e0000000,0x00000000ec880000)
  from space 22016K, 99% used [0x00000000ec880000,0x00000000eddfeb90,0x00000000ede00000)
  to   space 27648K, 0% used [0x00000000f1380000,0x00000000f1380000,0x00000000f2e80000)
 ParOldGen       total 89600K, used 64125K [0x00000000a0000000, 0x00000000a5780000, 0x00000000e0000000)
  object space 89600K, 71% used [0x00000000a0000000,0x00000000a3e9f460,0x00000000a5780000)
 Metaspace       used 78765K, capacity 81794K, committed 82048K, reserved 1120256K
  class space    used 10413K, capacity 11052K, committed 11136K, reserved 1048576K
}
Event: 466.201 GC heap before
{Heap before GC invocations=19 (full 3):
 PSYoungGen      total 227328K, used 227322K [0x00000000e0000000, 0x00000000f2e80000, 0x0000000100000000)
  eden space 205312K, 100% used [0x00000000e0000000,0x00000000ec880000,0x00000000ec880000)
  from space 22016K, 99% used [0x00000000ec880000,0x00000000eddfeb90,0x00000000ede00000)
  to   space 27648K, 0% used [0x00000000f1380000,0x00000000f1380000,0x00000000f2e80000)
 ParOldGen       total 89600K, used 64125K [0x00000000a0000000, 0x00000000a5780000, 0x00000000e0000000)
  object space 89600K, 71% used [0x00000000a0000000,0x00000000a3e9f460,0x00000000a5780000)
 Metaspace       used 79495K, capacity 82700K, committed 82816K, reserved 1120256K
  class space    used 10446K, capacity 11109K, committed 11136K, reserved 1048576K
Event: 466.646 GC heap after
Heap after GC invocations=19 (full 3):
 PSYoungGen      total 267776K, used 7497K [0x00000000e0000000, 0x00000000f2680000, 0x0000000100000000)
  eden space 248320K, 0% used [0x00000000e0000000,0x00000000e0000000,0x00000000ef280000)
  from space 19456K, 38% used [0x00000000f1380000,0x00000000f1ad25b8,0x00000000f2680000)
  to   space 26624K, 0% used [0x00000000ef280000,0x00000000ef280000,0x00000000f0c80000)
 ParOldGen       total 89600K, used 76464K [0x00000000a0000000, 0x00000000a5780000, 0x00000000e0000000)
  object space 89600K, 85% used [0x00000000a0000000,0x00000000a4aac378,0x00000000a5780000)
 Metaspace       used 79495K, capacity 82700K, committed 82816K, reserved 1120256K
  class space    used 10446K, capacity 11109K, committed 11136K, reserved 1048576K
}
Event: 466.646 GC heap before
{Heap before GC invocations=20 (full 4):
 PSYoungGen      total 267776K, used 7497K [0x00000000e0000000, 0x00000000f2680000, 0x0000000100000000)
  eden space 248320K, 0% used [0x00000000e0000000,0x00000000e0000000,0x00000000ef280000)
  from space 19456K, 38% used [0x00000000f1380000,0x00000000f1ad25b8,0x00000000f2680000)
  to   space 26624K, 0% used [0x00000000ef280000,0x00000000ef280000,0x00000000f0c80000)
 ParOldGen       total 89600K, used 76464K [0x00000000a0000000, 0x00000000a5780000, 0x00000000e0000000)
  object space 89600K, 85% used [0x00000000a0000000,0x00000000a4aac378,0x00000000a5780000)
 Metaspace       used 79495K, capacity 82700K, committed 82816K, reserved 1120256K
  class space    used 10446K, capacity 11109K, committed 11136K, reserved 1048576K
Event: 469.305 GC heap after
Heap after GC invocations=20 (full 4):
 PSYoungGen      total 267776K, used 0K [0x00000000e0000000, 0x00000000f2680000, 0x0000000100000000)
  eden space 248320K, 0% used [0x00000000e0000000,0x00000000e0000000,0x00000000ef280000)
  from space 19456K, 0% used [0x00000000f1380000,0x00000000f1380000,0x00000000f2680000)
  to   space 26624K, 0% used [0x00000000ef280000,0x00000000ef280000,0x00000000f0c80000)
 ParOldGen       total 138240K, used 61088K [0x00000000a0000000, 0x00000000a8700000, 0x00000000e0000000)
  object space 138240K, 44% used [0x00000000a0000000,0x00000000a3ba8138,0x00000000a8700000)
 Metaspace       used 79382K, capacity 82410K, committed 82816K, reserved 1120256K
  class space    used 10407K, capacity 11040K, committed 11136K, reserved 1048576K
}

Deoptimization events (10 events):
Event: 479.033 Thread 0x000000001ce53800 Uncommon trap: reason=unstable_if action=reinterpret pc=0x0000000002fef85c method=java.util.LinkedHashMap.afterNodeInsertion(Z)V @ 18
Event: 479.063 Thread 0x000000001ce53800 Uncommon trap: reason=bimorphic action=maybe_recompile pc=0x0000000002ec48a0 method=com.google.common.collect.Iterators$4.computeNext()Ljava/lang/Object; @ 27
Event: 479.079 Thread 0x000000001ce53800 Uncommon trap: reason=bimorphic action=maybe_recompile pc=0x0000000002ec48a0 method=com.google.common.collect.Iterators$4.computeNext()Ljava/lang/Object; @ 27
Event: 479.169 Thread 0x000000001bc12000 Uncommon trap: reason=bimorphic action=maybe_recompile pc=0x0000000002ec48a0 method=com.google.common.collect.Iterators$4.computeNext()Ljava/lang/Object; @ 27
Event: 479.170 Thread 0x000000001bc12000 Uncommon trap: reason=bimorphic action=maybe_recompile pc=0x0000000002ec48a0 method=com.google.common.collect.Iterators$4.computeNext()Ljava/lang/Object; @ 27
Event: 479.462 Thread 0x000000001bfcd000 Uncommon trap: reason=unstable_if action=reinterpret pc=0x000000000499c380 method=java.util.concurrent.ConcurrentHashMap.initTable()[Ljava/util/concurrent/ConcurrentHashMap$Node; @ 20
Event: 479.696 Thread 0x000000001bfcd000 Uncommon trap: reason=bimorphic action=maybe_recompile pc=0x00000000047be764 method=java.util.concurrent.ThreadPoolExecutor.getTask()Ljava/lang/Runnable; @ 29
Event: 479.786 Thread 0x000000001bfce000 Uncommon trap: reason=bimorphic action=maybe_recompile pc=0x00000000047be764 method=java.util.concurrent.ThreadPoolExecutor.getTask()Ljava/lang/Runnable; @ 29
Event: 479.907 Thread 0x000000001ce53800 Uncommon trap: reason=null_check action=make_not_entrant pc=0x0000000002ad6b60 method=org.gradle.api.internal.changedetection.state.CachingFileHasher.snapshot(Ljava/io/File;JJ)Lorg/gradle/api/internal/changedetection/state/CachingFileHasher$FileInfo; @ 31
Event: 480.397 Thread 0x000000001ce53800 Uncommon trap: reason=unstable_if action=reinterpret pc=0x00000000045d4f94 method=org.gradle.internal.progress.DefaultBuildOperationExecutor.execute(Lorg/gradle/internal/operations/BuildOperation;Lorg/gradle/internal/operations/BuildOperationWorker;Lorg/g

Classes redefined (0 events):
No events

Internal exceptions (10 events):
Event: 268.225 Thread 0x000000001bc10000 Exception <a 'sun/nio/fs/WindowsException'> (0x00000000e4d4fc30) thrown at [D:\src\AOSP-openjdk-cygwin\jdk8u\hotspot\src\share\vm\prims\jni.cpp, line 709]
Event: 268.419 Thread 0x0000000017fe6000 Exception <a 'sun/nio/fs/WindowsException'> (0x00000000e4fe5480) thrown at [D:\src\AOSP-openjdk-cygwin\jdk8u\hotspot\src\share\vm\prims\jni.cpp, line 709]
Event: 269.672 Thread 0x000000001bc10000 Exception <a 'sun/nio/fs/WindowsException'> (0x00000000e57a52f0) thrown at [D:\src\AOSP-openjdk-cygwin\jdk8u\hotspot\src\share\vm\prims\jni.cpp, line 709]
Event: 270.036 Thread 0x0000000017fe3000 Exception <a 'sun/nio/fs/WindowsException'> (0x00000000e62196c0) thrown at [D:\src\AOSP-openjdk-cygwin\jdk8u\hotspot\src\share\vm\prims\jni.cpp, line 709]
Event: 452.472 Thread 0x000000001ce53800 Exception <a 'sun/nio/fs/WindowsException'> (0x00000000e7e6bc78) thrown at [D:\src\AOSP-openjdk-cygwin\jdk8u\hotspot\src\share\vm\prims\jni.cpp, line 709]
Event: 478.992 Thread 0x000000001ce53800 Implicit null exception at 0x00000000026b5f04 to 0x00000000026b7519
Event: 479.025 Thread 0x000000001ce53800 Implicit null exception at 0x00000000047a8778 to 0x00000000047a90ad
Event: 479.907 Thread 0x000000001ce53800 Implicit null exception at 0x0000000002ad6870 to 0x0000000002ad6b3d
Event: 480.391 Thread 0x000000001ce53800 Implicit null exception at 0x00000000045d1c6e to 0x00000000045d4f89
Event: 597.676 Thread 0x000000001ce4d800 Exception <a 'sun/nio/fs/WindowsException'> (0x00000000e5b38c18) thrown at [D:\src\AOSP-openjdk-cygwin\jdk8u\hotspot\src\share\vm\prims\jni.cpp, line 709]

Events (10 events):
Event: 600.239 Thread 0x0000000015e59800 flushing nmethod 0x00000000048126d0
Event: 600.241 Thread 0x0000000015e59800 flushing nmethod 0x0000000004998a10
Event: 600.241 Thread 0x0000000015e59800 flushing nmethod 0x000000000499c090
Event: 600.241 Thread 0x0000000015e59800 flushing nmethod 0x00000000049b9450
Event: 600.241 Thread 0x0000000015e59800 flushing nmethod 0x00000000049ba1d0
Event: 600.241 Thread 0x0000000015e59800 flushing nmethod 0x00000000049c0810
Event: 600.242 Thread 0x0000000015e59800 flushing nmethod 0x00000000049c5350
Event: 600.242 Thread 0x0000000015e59800 flushing nmethod 0x00000000049c8810
Event: 600.242 Thread 0x0000000015e59800 flushing nmethod 0x00000000049cc350
Event: 600.242 Thread 0x0000000015e59800 flushing nmethod 0x00000000049ce650


Dynamic libraries:
0x00007ff7777f0000 - 0x00007ff777821000 	C:\Program Files\Android\Android Studio\jre\bin\java.exe
0x00007ffe10270000 - 0x00007ffe10451000 	C:\WINDOWS\SYSTEM32\ntdll.dll
0x00007ffe0dbf0000 - 0x00007ffe0dca2000 	C:\WINDOWS\System32\KERNEL32.DLL
0x00007ffe0d160000 - 0x00007ffe0d3d3000 	C:\WINDOWS\System32\KERNELBASE.dll
0x00007ffe10110000 - 0x00007ffe101b1000 	C:\WINDOWS\System32\ADVAPI32.dll
0x00007ffe0df10000 - 0x00007ffe0dfae000 	C:\WINDOWS\System32\msvcrt.dll
0x00007ffe0dcb0000 - 0x00007ffe0dd0b000 	C:\WINDOWS\System32\sechost.dll
0x00007ffe0f920000 - 0x00007ffe0fa44000 	C:\WINDOWS\System32\RPCRT4.dll
0x00007ffe0fe00000 - 0x00007ffe0ff90000 	C:\WINDOWS\System32\USER32.dll
0x00007ffe0d580000 - 0x00007ffe0d5a0000 	C:\WINDOWS\System32\win32u.dll
0x00007ffe0f4a0000 - 0x00007ffe0f4c8000 	C:\WINDOWS\System32\GDI32.dll
0x00007ffe0d3e0000 - 0x00007ffe0d572000 	C:\WINDOWS\System32\gdi32full.dll
0x00007ffe0cda0000 - 0x00007ffe0ce3f000 	C:\WINDOWS\System32\msvcp_win.dll
0x00007ffe0d600000 - 0x00007ffe0d6fa000 	C:\WINDOWS\System32\ucrtbase.dll
0x00007ffdf70a0000 - 0x00007ffdf7309000 	C:\WINDOWS\WinSxS\amd64_microsoft.windows.common-controls_6595b64144ccf1df_6.0.17134.228_none_fb4599993062b194\COMCTL32.dll
0x00007ffe0d8c0000 - 0x00007ffe0dbe3000 	C:\WINDOWS\System32\combase.dll
0x00007ffe0ce40000 - 0x00007ffe0ceba000 	C:\WINDOWS\System32\bcryptPrimitives.dll
0x00007ffe0fdd0000 - 0x00007ffe0fdfd000 	C:\WINDOWS\System32\IMM32.DLL
0x00007ffe0c3a0000 - 0x00007ffe0c3d6000 	C:\WINDOWS\system32\DriverStore\FileRepository\nvaci.inf_amd64_f658c3ebd2a88192\nvinitx.dll
0x00007ffe0c390000 - 0x00007ffe0c39a000 	C:\WINDOWS\SYSTEM32\VERSION.dll
0x00007ffe0e060000 - 0x00007ffe0f4a0000 	C:\WINDOWS\System32\Shell32.dll
0x00007ffe0c640000 - 0x00007ffe0c689000 	C:\WINDOWS\System32\cfgmgr32.dll
0x00007ffe0dfb0000 - 0x00007ffe0e059000 	C:\WINDOWS\System32\shcore.dll
0x00007ffe0c690000 - 0x00007ffe0cd9d000 	C:\WINDOWS\System32\windows.storage.dll
0x00007ffe101d0000 - 0x00007ffe10221000 	C:\WINDOWS\System32\shlwapi.dll
0x00007ffe0c620000 - 0x00007ffe0c631000 	C:\WINDOWS\System32\kernel.appcore.dll
0x00007ffe0c5f0000 - 0x00007ffe0c60f000 	C:\WINDOWS\System32\profapi.dll
0x00007ffe0c5a0000 - 0x00007ffe0c5ec000 	C:\WINDOWS\System32\powrprof.dll
0x00007ffe0c610000 - 0x00007ffe0c61a000 	C:\WINDOWS\System32\FLTLIB.DLL
0x000000006d8c0000 - 0x000000006d8c6000 	C:\Program Files\NVIDIA Corporation\CoProcManager\_etoured.dll
0x00007ffe07b40000 - 0x00007ffe07b83000 	C:\Program Files\NVIDIA Corporation\CoProcManager\nvd3d9wrapx.dll
0x00007ffe0f4d0000 - 0x00007ffe0f91b000 	C:\WINDOWS\System32\SETUPAPI.dll
0x00007ffe07da0000 - 0x00007ffe07dcd000 	C:\Program Files\NVIDIA Corporation\CoProcManager\nvdxgiwrapx.dll
0x000000006aaa0000 - 0x000000006ab72000 	C:\Program Files\Android\Android Studio\jre\jre\bin\msvcr100.dll
0x000000006ced0000 - 0x000000006d70f000 	C:\Program Files\Android\Android Studio\jre\jre\bin\server\jvm.dll
0x00007ffe10230000 - 0x00007ffe10238000 	C:\WINDOWS\System32\PSAPI.DLL
0x00007ffe07290000 - 0x00007ffe07299000 	C:\WINDOWS\SYSTEM32\WSOCK32.dll
0x00007ffe023d0000 - 0x00007ffe023f3000 	C:\WINDOWS\SYSTEM32\WINMM.dll
0x00007ffe02080000 - 0x00007ffe020aa000 	C:\WINDOWS\SYSTEM32\winmmbase.dll
0x00007ffe0d710000 - 0x00007ffe0d77c000 	C:\WINDOWS\System32\WS2_32.dll
0x00007ffe05d60000 - 0x00007ffe05d6f000 	C:\Program Files\Android\Android Studio\jre\jre\bin\verify.dll
0x00007ffdfd0f0000 - 0x00007ffdfd119000 	C:\Program Files\Android\Android Studio\jre\jre\bin\java.dll
0x00007ffe01500000 - 0x00007ffe01516000 	C:\Program Files\Android\Android Studio\jre\jre\bin\zip.dll
0x00007ffdfb3c0000 - 0x00007ffdfb3da000 	C:\Program Files\Android\Android Studio\jre\jre\bin\net.dll
0x00007ffe0bd50000 - 0x00007ffe0bdb6000 	C:\WINDOWS\system32\mswsock.dll
0x00007ffdfb2e0000 - 0x00007ffdfb2f1000 	C:\Program Files\Android\Android Studio\jre\jre\bin\nio.dll
0x00007ffe08280000 - 0x00007ffe0829e000 	C:\Users\Ania\.gradle\native\25\windows-amd64\native-platform.dll
0x00007ffe05c90000 - 0x00007ffe05c9d000 	C:\Program Files\Android\Android Studio\jre\jre\bin\management.dll
0x00007ffe0bf00000 - 0x00007ffe0bf17000 	C:\WINDOWS\SYSTEM32\CRYPTSP.dll
0x00007ffe0b930000 - 0x00007ffe0b963000 	C:\WINDOWS\system32\rsaenh.dll
0x00007ffe0c090000 - 0x00007ffe0c0b5000 	C:\WINDOWS\SYSTEM32\bcrypt.dll
0x00007ffe0c480000 - 0x00007ffe0c4a8000 	C:\WINDOWS\SYSTEM32\USERENV.dll
0x00007ffe0bf20000 - 0x00007ffe0bf2b000 	C:\WINDOWS\SYSTEM32\CRYPTBASE.dll
0x00007ffe0bad0000 - 0x00007ffe0bb08000 	C:\WINDOWS\SYSTEM32\IPHLPAPI.DLL
0x00007ffe101c0000 - 0x00007ffe101c8000 	C:\WINDOWS\System32\NSI.dll
0x00007ffe05920000 - 0x00007ffe05936000 	C:\WINDOWS\SYSTEM32\dhcpcsvc6.DLL
0x00007ffe067a0000 - 0x00007ffe067ba000 	C:\WINDOWS\SYSTEM32\dhcpcsvc.DLL
0x00007ffe05b90000 - 0x00007ffe05bb4000 	C:\Program Files\Android\Android Studio\jre\jre\bin\sunec.dll
0x00007ffe0bb10000 - 0x00007ffe0bbce000 	C:\WINDOWS\SYSTEM32\DNSAPI.dll
0x00007ffe039e0000 - 0x00007ffe039ea000 	C:\Windows\System32\rasadhlp.dll
0x00007ffe048c0000 - 0x00007ffe04932000 	C:\WINDOWS\System32\fwpuclnt.dll
0x00007ffe09070000 - 0x00007ffe0907b000 	C:\Program Files\Android\Android Studio\jre\jre\bin\sunmscapi.dll
0x00007ffe0cec0000 - 0x00007ffe0d0a2000 	C:\WINDOWS\System32\CRYPT32.dll
0x00007ffe0c580000 - 0x00007ffe0c592000 	C:\WINDOWS\System32\MSASN1.dll

VM Arguments:
jvm_args: -Xmx1536m -Dfile.encoding=windows-1250 -Duser.country=US -Duser.language=en -Duser.variant 
java_command: org.gradle.launcher.daemon.bootstrap.GradleDaemon 4.4
java_class_path (initial): C:\Users\Ania\.gradle\wrapper\dists\gradle-4.4-all\9br9xq1tocpiv8o6njlyu5op1\gradle-4.4\lib\gradle-launcher-4.4.jar
Launcher Type: SUN_STANDARD

Environment Variables:
PATH=C:\ProgramData\Oracle\Java\javapath;C:\WINDOWS\system32;C:\WINDOWS;C:\WINDOWS\System32\Wbem;C:\WINDOWS\System32\WindowsPowerShell\v1.0\;C:\Program Files (x86)\Skype\Phone\;C:\WINDOWS\System32\OpenSSH\;C:\Program Files (x86)\NVIDIA Corporation\PhysX\Common;C:\Program Files\Git\cmd;C:\Users\Ania\AppData\Local\Microsoft\WindowsApps;
USERNAME=Ania
OS=Windows_NT
PROCESSOR_IDENTIFIER=Intel64 Family 6 Model 42 Stepping 7, GenuineIntel



---------------  S Y S T E M  ---------------

OS: Windows 10.0 , 64 bit Build 17134 (10.0.17134.1)

CPU:total 4 (initial active 4) (2 cores per cpu, 2 threads per core) family 6 model 42 stepping 7, cmov, cx8, fxsr, mmx, sse, sse2, sse3, ssse3, sse4.1, sse4.2, popcnt, avx, clmul, ht, tsc, tscinvbit

Memory: 4k page, physical 4042604k(315128k free), swap 7636820k(6032k free)

vm_info: OpenJDK 64-Bit Server VM (25.152-b02) for windows-amd64 JRE (1.8.0_152-release-1024-b02), built by "builder" with MS VC++ 10.0 (VS2010)

time: Fri Aug 17 07:58:48 2018
elapsed time: 600 seconds (0d 0h 10m 0s)

